<?xml version="1.0" encoding="UTF-8"?>
<TestRun id="2d8d5551-0bf8-41b2-af15-db1cbf430748" name="aj@DESKTOP 2011-12-01 22:37:35" runUser="desktop\aj" xmlns="http://microsoft.com/schemas/VisualStudio/TeamTest/2010">
  <TestSettings name="Local" id="06099ad0-bbfa-4fc9-955f-aaea2e32bf68">
    <Description>These are default test settings for a local test run.</Description>
    <Deployment enabled="false" runDeploymentRoot="aj_DESKTOP 2011-12-01 22_37_35">
      <DeploymentItem filename="D:\dev\my\Delicious\Delicious\packages\AutoMapper.2.0.0\lib\net40-client\AutoMapper.dll" />
      <DeploymentItem filename="D:\dev\my\Delicious\Delicious\Delicious\bin\Debug\Delicious.dll" />
    </Deployment>
    <Execution>
      <TestTypeSpecific />
      <AgentRule name="Execution Agents">
      </AgentRule>
    </Execution>
  </TestSettings>
  <Times creation="2011-12-01T22:37:35.2451171+01:00" queuing="2011-12-01T22:37:35.3300781+01:00" start="2011-12-01T22:37:35.7890625+01:00" finish="2011-12-01T22:37:37.7275390+01:00" />
  <ResultSummary outcome="Inconclusive">
    <Counters total="1" executed="1" error="0" failed="0" timeout="0" aborted="0" inconclusive="1" passedButRunAborted="0" notRunnable="0" notExecuted="0" disconnected="0" warning="0" passed="0" completed="0" inProgress="0" pending="0" />
  </ResultSummary>
  <TestDefinitions>
    <UnitTest name="BundleServiceConstructorTest" storage="d:\dev\my\delicious\delicious\delicious.tests\bin\debug\delicious.tests.dll" id="b5b04508-422d-3a73-70b5-a93c8fc4ebc8">
      <Execution id="9f97654c-59f3-4513-8945-f1e4244e0a25" />
      <TestMethod codeBase="D:/dev/my/Delicious/Delicious/Delicious.Tests/bin/Debug/Delicious.Tests.DLL" adapterTypeName="Microsoft.VisualStudio.TestTools.TestTypes.Unit.UnitTestAdapter, Microsoft.VisualStudio.QualityTools.Tips.UnitTest.Adapter, Version=10.0.0.0, Culture=neutral, PublicKeyToken=b03f5f7f11d50a3a" className="Delicious.Tests.BundleServiceTest, Delicious.Tests, Version=1.0.0.0, Culture=neutral, PublicKeyToken=null" name="BundleServiceConstructorTest" />
    </UnitTest>
  </TestDefinitions>
  <TestLists>
    <TestList name="Results Not in a List" id="8c84fa94-04c1-424b-9868-57a2d4851a1d" />
    <TestList name="All Loaded Results" id="19431567-8539-422a-85d7-44ee4e166bda" />
  </TestLists>
  <TestEntries>
    <TestEntry testId="b5b04508-422d-3a73-70b5-a93c8fc4ebc8" executionId="9f97654c-59f3-4513-8945-f1e4244e0a25" testListId="8c84fa94-04c1-424b-9868-57a2d4851a1d" />
  </TestEntries>
  <Results>
    <UnitTestResult executionId="9f97654c-59f3-4513-8945-f1e4244e0a25" testId="b5b04508-422d-3a73-70b5-a93c8fc4ebc8" testName="BundleServiceConstructorTest" computerName="DESKTOP" duration="00:00:00.0586881" startTime="2011-12-01T22:37:35.8955078+01:00" endTime="2011-12-01T22:37:36.9970703+01:00" testType="13cdc9d9-ddb5-4fa4-a97d-d965ccfc6d4b" outcome="Inconclusive" testListId="8c84fa94-04c1-424b-9868-57a2d4851a1d" relativeResultsDirectory="9f97654c-59f3-4513-8945-f1e4244e0a25">
      <Output>
        <ErrorInfo>
          <Message>Assert.Inconclusive failed. TODO: Implement code to verify target</Message>
          <StackTrace>   at Delicious.Tests.BundleServiceTest.BundleServiceConstructorTest() in D:\dev\my\Delicious\Delicious\Delicious.Tests\BundleServiceTest.cs:line 74
</StackTrace>
        </ErrorInfo>
      </Output>
    </UnitTestResult>
  </Results>
</TestRun>