<?xml version="1.0" encoding="UTF-8"?>
<TestRun id="ea147711-aad9-45ea-ae19-4ccb4f30fa2a" name="aj@DESKTOP 2011-12-01 22:45:10" runUser="desktop\aj" xmlns="http://microsoft.com/schemas/VisualStudio/TeamTest/2010">
  <TestSettings name="Local" id="06099ad0-bbfa-4fc9-955f-aaea2e32bf68">
    <Description>These are default test settings for a local test run.</Description>
    <Deployment enabled="false" runDeploymentRoot="aj_DESKTOP 2011-12-01 22_45_10">
      <DeploymentItem filename="D:\dev\my\Delicious\Delicious\packages\AutoMapper.2.0.0\lib\net40-client\AutoMapper.dll" />
      <DeploymentItem filename="D:\dev\my\Delicious\Delicious\Delicious\bin\Debug\Delicious.dll" />
    </Deployment>
    <Execution>
      <TestTypeSpecific />
      <AgentRule name="Execution Agents">
      </AgentRule>
    </Execution>
  </TestSettings>
  <Times creation="2011-12-01T22:45:10.3437500+01:00" queuing="2011-12-01T22:45:10.4208984+01:00" start="2011-12-01T22:45:10.6875000+01:00" finish="2011-12-01T22:45:12.1621093+01:00" />
  <ResultSummary outcome="Failed">
    <Counters total="1" executed="1" error="0" failed="1" timeout="0" aborted="0" inconclusive="0" passedButRunAborted="0" notRunnable="0" notExecuted="0" disconnected="0" warning="0" passed="0" completed="0" inProgress="0" pending="0" />
  </ResultSummary>
  <TestDefinitions>
    <UnitTest name="UrlQueryConstructorTest" storage="d:\dev\my\delicious\delicious\delicious.tests\bin\debug\delicious.tests.dll" id="6357cc1d-e723-0b8b-137b-08f9539611e2">
      <Execution id="a3100f0d-5cc0-47ef-8dd1-a071c870edbb" />
      <TestMethod codeBase="D:/dev/my/Delicious/Delicious/Delicious.Tests/bin/Debug/Delicious.Tests.DLL" adapterTypeName="Microsoft.VisualStudio.TestTools.TestTypes.Unit.UnitTestAdapter, Microsoft.VisualStudio.QualityTools.Tips.UnitTest.Adapter, Version=10.0.0.0, Culture=neutral, PublicKeyToken=b03f5f7f11d50a3a" className="Delicious.Tests.UrlQueryTest, Delicious.Tests, Version=1.0.0.0, Culture=neutral, PublicKeyToken=null" name="UrlQueryConstructorTest" />
    </UnitTest>
  </TestDefinitions>
  <TestLists>
    <TestList name="Results Not in a List" id="8c84fa94-04c1-424b-9868-57a2d4851a1d" />
    <TestList name="All Loaded Results" id="19431567-8539-422a-85d7-44ee4e166bda" />
  </TestLists>
  <TestEntries>
    <TestEntry testId="6357cc1d-e723-0b8b-137b-08f9539611e2" executionId="a3100f0d-5cc0-47ef-8dd1-a071c870edbb" testListId="8c84fa94-04c1-424b-9868-57a2d4851a1d" />
  </TestEntries>
  <Results>
    <UnitTestResult executionId="a3100f0d-5cc0-47ef-8dd1-a071c870edbb" testId="6357cc1d-e723-0b8b-137b-08f9539611e2" testName="UrlQueryConstructorTest" computerName="DESKTOP" duration="00:00:00.0998171" startTime="2011-12-01T22:45:11.1132812+01:00" endTime="2011-12-01T22:45:11.6445312+01:00" testType="13cdc9d9-ddb5-4fa4-a97d-d965ccfc6d4b" outcome="Failed" testListId="8c84fa94-04c1-424b-9868-57a2d4851a1d" relativeResultsDirectory="a3100f0d-5cc0-47ef-8dd1-a071c870edbb">
      <Output>
        <ErrorInfo>
          <Message>Assert.AreEqual failed. Expected:&lt;https://api.del.icio.us/v1/ (Delicious.UrlQuery)&gt;. Actual:&lt;https://api.del.icio.us/v1/ (System.String)&gt;. </Message>
          <StackTrace>   at Delicious.Tests.UrlQueryTest.UrlQueryConstructorTest() in D:\dev\my\Delicious\Delicious\Delicious.Tests\UrlQueryTest.cs:line 82
</StackTrace>
        </ErrorInfo>
      </Output>
    </UnitTestResult>
  </Results>
</TestRun>