<?xml version="1.0" encoding="UTF-8"?>
<TestRun id="9504e56b-b144-46e3-85e4-d8cb4df9fed2" name="aj@DESKTOP 2011-12-01 22:51:16" runUser="desktop\aj" xmlns="http://microsoft.com/schemas/VisualStudio/TeamTest/2010">
  <TestSettings name="Local" id="06099ad0-bbfa-4fc9-955f-aaea2e32bf68">
    <Description>These are default test settings for a local test run.</Description>
    <Deployment enabled="false" runDeploymentRoot="aj_DESKTOP 2011-12-01 22_51_16">
      <DeploymentItem filename="D:\dev\my\Delicious\Delicious\packages\AutoMapper.2.0.0\lib\net40-client\AutoMapper.dll" />
      <DeploymentItem filename="D:\dev\my\Delicious\Delicious\Delicious\bin\Debug\Delicious.dll" />
    </Deployment>
    <Execution>
      <TestTypeSpecific />
      <AgentRule name="Execution Agents">
      </AgentRule>
    </Execution>
  </TestSettings>
  <Times creation="2011-12-01T22:51:16.5302734+01:00" queuing="2011-12-01T22:51:16.6933593+01:00" start="2011-12-01T22:51:17.0244140+01:00" finish="2011-12-01T22:51:17.9521484+01:00" />
  <ResultSummary outcome="Failed">
    <Counters total="2" executed="2" passed="1" error="0" failed="1" timeout="0" aborted="0" inconclusive="0" passedButRunAborted="0" notRunnable="0" notExecuted="0" disconnected="0" warning="0" completed="0" inProgress="0" pending="0" />
  </ResultSummary>
  <TestDefinitions>
    <UnitTest name="UrlQueryConstructorTest" storage="d:\dev\my\delicious\delicious\delicious.tests\bin\debug\delicious.tests.dll" id="6357cc1d-e723-0b8b-137b-08f9539611e2">
      <Execution id="4f6b75fa-7093-4234-887e-368ad5879742" />
      <TestMethod codeBase="D:/dev/my/Delicious/Delicious/Delicious.Tests/bin/Debug/Delicious.Tests.DLL" adapterTypeName="Microsoft.VisualStudio.TestTools.TestTypes.Unit.UnitTestAdapter, Microsoft.VisualStudio.QualityTools.Tips.UnitTest.Adapter, Version=10.0.0.0, Culture=neutral, PublicKeyToken=b03f5f7f11d50a3a" className="Delicious.Tests.UrlQueryTest, Delicious.Tests, Version=1.0.0.0, Culture=neutral, PublicKeyToken=null" name="UrlQueryConstructorTest" />
    </UnitTest>
    <UnitTest name="AddTest" storage="d:\dev\my\delicious\delicious\delicious.tests\bin\debug\delicious.tests.dll" id="21daa1ad-1f2c-c443-3540-841954aa443c">
      <Execution id="02f74681-e461-4740-a9af-72c65138c47c" />
      <TestMethod codeBase="D:/dev/my/Delicious/Delicious/Delicious.Tests/bin/Debug/Delicious.Tests.DLL" adapterTypeName="Microsoft.VisualStudio.TestTools.TestTypes.Unit.UnitTestAdapter, Microsoft.VisualStudio.QualityTools.Tips.UnitTest.Adapter, Version=10.0.0.0, Culture=neutral, PublicKeyToken=b03f5f7f11d50a3a" className="Delicious.Tests.UrlQueryTest, Delicious.Tests, Version=1.0.0.0, Culture=neutral, PublicKeyToken=null" name="AddTest" />
    </UnitTest>
  </TestDefinitions>
  <TestLists>
    <TestList name="Results Not in a List" id="8c84fa94-04c1-424b-9868-57a2d4851a1d" />
    <TestList name="All Loaded Results" id="19431567-8539-422a-85d7-44ee4e166bda" />
  </TestLists>
  <TestEntries>
    <TestEntry testId="21daa1ad-1f2c-c443-3540-841954aa443c" executionId="02f74681-e461-4740-a9af-72c65138c47c" testListId="8c84fa94-04c1-424b-9868-57a2d4851a1d" />
    <TestEntry testId="6357cc1d-e723-0b8b-137b-08f9539611e2" executionId="4f6b75fa-7093-4234-887e-368ad5879742" testListId="8c84fa94-04c1-424b-9868-57a2d4851a1d" />
  </TestEntries>
  <Results>
    <UnitTestResult executionId="02f74681-e461-4740-a9af-72c65138c47c" testId="21daa1ad-1f2c-c443-3540-841954aa443c" testName="AddTest" computerName="DESKTOP" duration="00:00:00.0743845" startTime="2011-12-01T22:51:17.1914062+01:00" endTime="2011-12-01T22:51:17.6835937+01:00" testType="13cdc9d9-ddb5-4fa4-a97d-d965ccfc6d4b" outcome="Failed" testListId="8c84fa94-04c1-424b-9868-57a2d4851a1d" relativeResultsDirectory="02f74681-e461-4740-a9af-72c65138c47c">
      <Output>
        <ErrorInfo>
          <Message>Assert.AreEqual failed. Expected:&lt;https://api.del.icio.us/v1/?name=value&gt;. Actual:&lt;https://api.del.icio.us/v1/?name=value?name=value&gt;. </Message>
          <StackTrace>   at Delicious.Tests.UrlQueryTest.AddTest() in D:\dev\my\Delicious\Delicious\Delicious.Tests\UrlQueryTest.cs:line 97
</StackTrace>
        </ErrorInfo>
      </Output>
    </UnitTestResult>
    <UnitTestResult executionId="4f6b75fa-7093-4234-887e-368ad5879742" testId="6357cc1d-e723-0b8b-137b-08f9539611e2" testName="UrlQueryConstructorTest" computerName="DESKTOP" duration="00:00:00.0056836" startTime="2011-12-01T22:51:17.7099609+01:00" endTime="2011-12-01T22:51:17.7246093+01:00" testType="13cdc9d9-ddb5-4fa4-a97d-d965ccfc6d4b" outcome="Passed" testListId="8c84fa94-04c1-424b-9868-57a2d4851a1d" relativeResultsDirectory="4f6b75fa-7093-4234-887e-368ad5879742">
    </UnitTestResult>
  </Results>
</TestRun>